[debug] > Exec(early(addDefaultCommands), None, None)
[debug] > Exec(addDefaultCommands, None, None)
[debug] > Exec(early(initialize), None, None)
[debug] > Exec(initialize, None, None)
[debug] > Exec(early(addPluginSbtFile="""C:\Users\Nicola\AppData\Local\Temp\idea5.sbt"""), None, None)
[debug] > Exec(addPluginSbtFile="""C:\Users\Nicola\AppData\Local\Temp\idea5.sbt""", None, None)
[debug] > Exec(boot, None, None)
[debug] > Exec(writeSbtVersion, None, None)
[debug] > Exec(reload, None, None)
[debug] > Exec(sbtStashOnFailure, None, None)
[debug] > Exec(onFailure loadFailed, None, None)
[debug] > Exec(loadp, None, None)
[info] welcome to sbt 1.8.0 (Oracle Corporation Java 1.8.0_341)
[debug]       Load.loadUnit: plugins took 129.8398ms
[debug]       Load.loadUnit: defsScala took 0.4034ms
[debug] [Loading] Scanning directory C:\Users\Nicola\.sbt\1.0\plugins
[debug] [Loading] Found non-root projects 
[debug] [Loading] Done in C:\Users\Nicola\.sbt\1.0\plugins, returning: ()
[debug] deducing auto plugins based on known facts Set(Atom(sbt.plugins.CorePlugin)) and clauses Clauses(Clause(Atom(sbt.plugins.JvmPlugin),Set(Atom(sbt.plugins.IvyPlugin)))
[debug] Clause(Atom(sbt.ScriptedPlugin),Set(Atom(sbt.plugins.JvmPlugin)))
[debug] Clause(Atom(sbt.plugins.SbtPlugin),Set(Atom(sbt.ScriptedPlugin)))
[debug] Clause(Atom(sbt.plugins.SemanticdbPlugin),Set(Atom(sbt.plugins.JvmPlugin)))
[debug] Clause(Atom(sbt.plugins.JUnitXmlReportPlugin),Set(Atom(sbt.plugins.JvmPlugin)))
[debug] Clause(Atom(sbt.plugins.MiniDependencyTreePlugin),Set(Atom(sbt.plugins.JvmPlugin)))
[debug] Clause(Atom(sbt.plugins.CorePlugin),Set(Atom(sbt.plugins.IvyPlugin)))
[debug] Clause(Atom(sbt.plugins.IvyPlugin),Set(Atom(sbt.plugins.JvmPlugin)))
[debug] Clause(Atom(sbt.plugins.JvmPlugin),Set(Atom(sbt.plugins.SemanticdbPlugin)))
[debug] Clause(Atom(sbt.plugins.JvmPlugin),Set(Atom(sbt.plugins.JUnitXmlReportPlugin)))
[debug] Clause(Atom(sbt.plugins.CorePlugin),Set(Atom(sbt.plugins.Giter8TemplatePlugin)))
[debug] Clause(Atom(sbt.plugins.JvmPlugin),Set(Atom(sbt.plugins.MiniDependencyTreePlugin))))
[debug]   :: deduced result: Matched(sbt.plugins.CorePlugin,sbt.plugins.Giter8TemplatePlugin,sbt.plugins.IvyPlugin,sbt.plugins.JvmPlugin,sbt.plugins.MiniDependencyTreePlugin,sbt.plugins.JUnitXmlReportPlugin,sbt.plugins.SemanticdbPlugin)
[debug] Plugins.deducer#function took 21.1723 ms
[debug]           Load.resolveProject(global-plugins) took 55.5411ms
[debug]         Load.loadTransitive: finalizeProject(Project(id global-plugins, base: C:\Users\Nicola\.sbt\1.0\plugins, plugins: List(<none>))) took 225.0628ms
[debug] [Loading] Done in C:\Users\Nicola\.sbt\1.0\plugins, returning: (global-plugins)
[debug]       Load.loadUnit: loadedProjectsRaw took 248.3975ms
[debug]       Load.loadUnit: cleanEvalClasses took 0.3423ms
[debug]     Load.loadUnit(file:/C:/Users/Nicola/.sbt/1.0/plugins/, ...) took 390.4392ms
[debug]   Load.apply: load took 542.3516ms
[debug]   Load.apply: resolveProjects took 5.7222ms
[debug]   Load.apply: finalTransforms took 61.1974ms
[debug]   Load.apply: config.delegates took 7.9134ms
[debug]   Load.apply: Def.make(settings)... took 547.8988ms
[debug]   Load.apply: structureIndex took 120.3163ms
[debug]   Load.apply: mkStreams took 1.9014ms
[info] loading global plugins from C:\Users\Nicola\.sbt\1.0\plugins
[debug] Running task... Cancel: Signal, check cycles: false, forcegc: true
[debug] Load.defaultLoad until apply took 2688.7165ms
[debug]           Load.loadUnit: plugins took 31.499ms
[debug]           Load.loadUnit: defsScala took 0.0071ms
[debug] [Loading] Scanning directory C:\Users\Nicola\progettoBigData\progettoBigData\project
[debug]             Load.loadUnit: mkEval took 8.4202ms
[debug] [Loading] Found non-root projects 
[debug] [Loading] Done in C:\Users\Nicola\progettoBigData\progettoBigData\project, returning: ()
[debug] deducing auto plugins based on known facts Set(Atom(sbt.plugins.CorePlugin)) and clauses Clauses(Clause(Atom(sbt.plugins.JvmPlugin),Set(Atom(sbt.plugins.IvyPlugin)))
[debug] Clause(Atom(sbt.ScriptedPlugin),Set(Atom(sbt.plugins.JvmPlugin)))
[debug] Clause(Atom(sbt.plugins.SbtPlugin),Set(Atom(sbt.ScriptedPlugin)))
[debug] Clause(Atom(sbt.plugins.SemanticdbPlugin),Set(Atom(sbt.plugins.JvmPlugin)))
[debug] Clause(Atom(sbt.plugins.JUnitXmlReportPlugin),Set(Atom(sbt.plugins.JvmPlugin)))
[debug] Clause(Atom(sbt.plugins.MiniDependencyTreePlugin),Set(Atom(sbt.plugins.JvmPlugin)))
[debug] Clause(Atom(sbt.plugins.CorePlugin),Set(Atom(sbt.plugins.IvyPlugin)))
[debug] Clause(Atom(sbt.plugins.IvyPlugin),Set(Atom(sbt.plugins.JvmPlugin)))
[debug] Clause(Atom(sbt.plugins.JvmPlugin),Set(Atom(sbt.plugins.SemanticdbPlugin)))
[debug] Clause(Atom(sbt.plugins.JvmPlugin),Set(Atom(sbt.plugins.JUnitXmlReportPlugin)))
[debug] Clause(Atom(sbt.plugins.CorePlugin),Set(Atom(sbt.plugins.Giter8TemplatePlugin)))
[debug] Clause(Atom(sbt.plugins.JvmPlugin),Set(Atom(sbt.plugins.MiniDependencyTreePlugin))))
[debug]   :: deduced result: Matched(sbt.plugins.CorePlugin,sbt.plugins.Giter8TemplatePlugin,sbt.plugins.IvyPlugin,sbt.plugins.JvmPlugin,sbt.plugins.MiniDependencyTreePlugin,sbt.plugins.JUnitXmlReportPlugin,sbt.plugins.SemanticdbPlugin)
[debug] Plugins.deducer#function took 2.5589 ms
[info] loading settings for project progettobigdata-build from idea5.sbt ...
[debug]               Load.resolveProject(progettobigdata-build) took 3.1575ms
[debug]             Load.loadTransitive: finalizeProject(Project(id progettobigdata-build, base: C:\Users\Nicola\progettoBigData\progettoBigData\project, plugins: List(<none>))) took 6.3482ms
[debug] [Loading] Done in C:\Users\Nicola\progettoBigData\progettoBigData\project, returning: (progettobigdata-build)
[debug]           Load.loadUnit: loadedProjectsRaw took 191.1856ms
[debug]           Load.loadUnit: cleanEvalClasses took 5.1375ms
[debug]         Load.loadUnit(file:/C:/Users/Nicola/progettoBigData/progettoBigData/project/, ...) took 228.908ms
[debug]       Load.apply: load took 230.4002ms
[debug]       Load.apply: resolveProjects took 0.148ms
[debug]       Load.apply: finalTransforms took 8.712ms
[debug]       Load.apply: config.delegates took 0.365ms
[debug]       Load.apply: Def.make(settings)... took 90.1577ms
[debug]       Load.apply: structureIndex took 43.3202ms
[debug]       Load.apply: mkStreams took 0.0023ms
[info] loading project definition from C:\Users\Nicola\progettoBigData\progettoBigData\project
[debug] Running task... Cancel: Signal, check cycles: false, forcegc: true
[warn] Unrecognized repository Scala Plugin Bundled Repository, ignoring it
[warn] Unrecognized repository Scala Plugin Bundled Repository, ignoring it
[debug]     Load.loadUnit: plugins took 1727.2348ms
[debug]     Load.loadUnit: defsScala took 0.0023ms
[debug] [Loading] Scanning directory C:\Users\Nicola\progettoBigData\progettoBigData
[debug]       Load.loadUnit: mkEval took 0.2115ms
[debug] [Loading] Found root project root w/ remaining 
[debug] deducing auto plugins based on known facts Set(Atom(sbt.plugins.CorePlugin)) and clauses Clauses(Clause(Atom(sbt.plugins.JvmPlugin),Set(Atom(sbt.plugins.IvyPlugin)))
[debug] Clause(Atom(sbt.ScriptedPlugin),Set(Atom(sbt.plugins.JvmPlugin)))
[debug] Clause(Atom(sbt.plugins.SbtPlugin),Set(Atom(sbt.ScriptedPlugin)))
[debug] Clause(Atom(sbt.plugins.SemanticdbPlugin),Set(Atom(sbt.plugins.JvmPlugin)))
[debug] Clause(Atom(sbt.plugins.JUnitXmlReportPlugin),Set(Atom(sbt.plugins.JvmPlugin)))
[debug] Clause(Atom(sbt.plugins.MiniDependencyTreePlugin),Set(Atom(sbt.plugins.JvmPlugin)))
[debug] Clause(Atom(org.jetbrains.sbt.StructurePlugin),Set(Atom(sbt.plugins.JvmPlugin)))
[debug] Clause(Atom(org.jetbrains.sbt.IdeaShellPlugin),Set(Atom(sbt.plugins.JvmPlugin)))
[debug] Clause(Atom(org.jetbrains.sbt.indices.SbtIntellijIndicesPlugin),Set(Atom(sbt.plugins.JvmPlugin)))
[debug] Clause(Atom(sbt.plugins.CorePlugin),Set(Atom(sbt.plugins.IvyPlugin)))
[debug] Clause(Atom(sbt.plugins.IvyPlugin),Set(Atom(sbt.plugins.JvmPlugin)))
[debug] Clause(Atom(sbt.plugins.JvmPlugin),Set(Atom(sbt.plugins.SemanticdbPlugin)))
[debug] Clause(Atom(sbt.plugins.JvmPlugin),Set(Atom(sbt.plugins.JUnitXmlReportPlugin)))
[debug] Clause(Atom(sbt.plugins.CorePlugin),Set(Atom(sbt.plugins.Giter8TemplatePlugin)))
[debug] Clause(Atom(sbt.plugins.JvmPlugin),Set(Atom(sbt.plugins.MiniDependencyTreePlugin)))
[debug] Clause(Atom(sbt.plugins.JvmPlugin),Set(Atom(org.jetbrains.sbt.StructurePlugin)))
[debug] Clause(Atom(sbt.plugins.JvmPlugin),Set(Atom(org.jetbrains.sbt.IdeaShellPlugin)))
[debug] Clause(And(Set(Atom(sbt.plugins.CorePlugin), Atom(sbt.plugins.JvmPlugin))),Set(Atom(org.jetbrains.sbt.indices.SbtIntellijIndicesPlugin))))
[debug]   :: deduced result: Matched(sbt.plugins.CorePlugin,sbt.plugins.Giter8TemplatePlugin,sbt.plugins.IvyPlugin,sbt.plugins.JvmPlugin,sbt.plugins.SemanticdbPlugin,org.jetbrains.sbt.indices.SbtIntellijIndicesPlugin,sbt.plugins.JUnitXmlReportPlugin,org.jetbrains.sbt.IdeaShellPlugin,org.jetbrains.sbt.StructurePlugin,sbt.plugins.MiniDependencyTreePlugin)
[debug] Plugins.deducer#function took 3.1146 ms
[info] loading settings for project root from build.sbt ...
[debug]         Load.resolveProject(root) took 36.4873ms
[debug]       Load.loadTransitive: finalizeProject(Project(id root, base: C:\Users\Nicola\progettoBigData\progettoBigData, plugins: List(<none>))) took 41.5227ms
[debug] [Loading] Done in C:\Users\Nicola\progettoBigData\progettoBigData, returning: (root)
[debug]     Load.loadUnit: loadedProjectsRaw took 3315.6949ms
[debug]     Load.loadUnit: cleanEvalClasses took 9.8375ms
[debug]   Load.loadUnit(file:/C:/Users/Nicola/progettoBigData/progettoBigData/, ...) took 5053.5124ms
[debug] Load.apply: load took 5055.0844ms
[debug] Load.apply: resolveProjects took 0.13ms
[debug] Load.apply: finalTransforms took 30.3799ms
[debug] Load.apply: config.delegates took 0.3655ms
[debug] Load.apply: Def.make(settings)... took 105.7017ms
[debug] Load.apply: structureIndex took 28.1715ms
[debug] Load.apply: mkStreams took 0.002ms
[info] set current project to progettoBigData (in build file:/C:/Users/Nicola/progettoBigData/progettoBigData/)
[debug] > Exec(sbtPopOnFailure, None, None)
[debug] > Exec(resumeFromFailure, None, None)
[debug] > Exec(notifyUsersAboutShell, None, None)
[debug] > Exec(iflast shell, None, None)
[debug] > Exec(; set ideaPort in Global := 65228 ; idea-shell, None, None)
[debug] > Exec(set ideaPort in Global := 65228, None, None)
[info] Defining Global / ideaPort
[info] The new value will be used by Compile / compile, Test / compile
[debug] Defining 
[debug] 	Global / ideaPort
[debug] 
[debug] The new value will be used by 
[debug] 	Compile / compile
[debug] 	Test / compile
[info] Reapplying settings...
[info] set current project to progettoBigData (in build file:/C:/Users/Nicola/progettoBigData/progettoBigData/)
[debug] > Exec(idea-shell, None, None)
