[debug] > Exec(early(addDefaultCommands), None, None)
[debug] > Exec(addDefaultCommands, None, None)
[debug] > Exec(early(initialize), None, None)
[debug] > Exec(initialize, None, None)
[debug] > Exec(early(addPluginSbtFile="""C:\Users\Nicola\AppData\Local\Temp\idea6.sbt"""), None, None)
[debug] > Exec(addPluginSbtFile="""C:\Users\Nicola\AppData\Local\Temp\idea6.sbt""", None, None)
[debug] > Exec(boot, None, None)
[debug] > Exec(writeSbtVersion, None, None)
[debug] > Exec(reload, None, None)
[debug] > Exec(sbtStashOnFailure, None, None)
[debug] > Exec(onFailure loadFailed, None, None)
[debug] > Exec(loadp, None, None)
[info] welcome to sbt 1.8.0 (Oracle Corporation Java 1.8.0_341)
[debug]       Load.loadUnit: plugins took 163.6062ms
[debug]       Load.loadUnit: defsScala took 0.390301ms
[debug] [Loading] Scanning directory C:\Users\Nicola\.sbt\1.0\plugins
[debug] [Loading] Found non-root projects 
[debug] [Loading] Done in C:\Users\Nicola\.sbt\1.0\plugins, returning: ()
[debug] deducing auto plugins based on known facts Set(Atom(sbt.plugins.CorePlugin)) and clauses Clauses(Clause(Atom(sbt.plugins.JvmPlugin),Set(Atom(sbt.plugins.IvyPlugin)))
[debug] Clause(Atom(sbt.ScriptedPlugin),Set(Atom(sbt.plugins.JvmPlugin)))
[debug] Clause(Atom(sbt.plugins.SbtPlugin),Set(Atom(sbt.ScriptedPlugin)))
[debug] Clause(Atom(sbt.plugins.SemanticdbPlugin),Set(Atom(sbt.plugins.JvmPlugin)))
[debug] Clause(Atom(sbt.plugins.JUnitXmlReportPlugin),Set(Atom(sbt.plugins.JvmPlugin)))
[debug] Clause(Atom(sbt.plugins.MiniDependencyTreePlugin),Set(Atom(sbt.plugins.JvmPlugin)))
[debug] Clause(Atom(sbt.plugins.CorePlugin),Set(Atom(sbt.plugins.IvyPlugin)))
[debug] Clause(Atom(sbt.plugins.IvyPlugin),Set(Atom(sbt.plugins.JvmPlugin)))
[debug] Clause(Atom(sbt.plugins.JvmPlugin),Set(Atom(sbt.plugins.SemanticdbPlugin)))
[debug] Clause(Atom(sbt.plugins.JvmPlugin),Set(Atom(sbt.plugins.JUnitXmlReportPlugin)))
[debug] Clause(Atom(sbt.plugins.CorePlugin),Set(Atom(sbt.plugins.Giter8TemplatePlugin)))
[debug] Clause(Atom(sbt.plugins.JvmPlugin),Set(Atom(sbt.plugins.MiniDependencyTreePlugin))))
[debug]   :: deduced result: Matched(sbt.plugins.CorePlugin,sbt.plugins.Giter8TemplatePlugin,sbt.plugins.IvyPlugin,sbt.plugins.JvmPlugin,sbt.plugins.MiniDependencyTreePlugin,sbt.plugins.JUnitXmlReportPlugin,sbt.plugins.SemanticdbPlugin)
[debug] Plugins.deducer#function took 23.0255 ms
[debug]           Load.resolveProject(global-plugins) took 54.3981ms
[debug]         Load.loadTransitive: finalizeProject(Project(id global-plugins, base: C:\Users\Nicola\.sbt\1.0\plugins, plugins: List(<none>))) took 120.3506ms
[debug] [Loading] Done in C:\Users\Nicola\.sbt\1.0\plugins, returning: (global-plugins)
[debug]       Load.loadUnit: loadedProjectsRaw took 283.998ms
[debug]       Load.loadUnit: cleanEvalClasses took 0.3087ms
[debug]     Load.loadUnit(file:/C:/Users/Nicola/.sbt/1.0/plugins/, ...) took 499.983599ms
[debug]   Load.apply: load took 703.7036ms
[debug]   Load.apply: resolveProjects took 6.0358ms
[debug]   Load.apply: finalTransforms took 71.7617ms
[debug]   Load.apply: config.delegates took 10.9954ms
[debug]   Load.apply: Def.make(settings)... took 616.3397ms
[debug]   Load.apply: structureIndex took 131.708201ms
[debug]   Load.apply: mkStreams took 1.990799ms
[info] loading global plugins from C:\Users\Nicola\.sbt\1.0\plugins
[debug] Running task... Cancel: Signal, check cycles: false, forcegc: true
[debug] Load.defaultLoad until apply took 3297.2992ms
[debug]           Load.loadUnit: plugins took 48.780401ms
[debug]           Load.loadUnit: defsScala took 0.011301ms
[debug] [Loading] Scanning directory C:\Users\Nicola\progettoBigData\progettoBigData\project
[debug]             Load.loadUnit: mkEval took 11.1586ms
[debug] [Loading] Found non-root projects 
[debug] [Loading] Done in C:\Users\Nicola\progettoBigData\progettoBigData\project, returning: ()
[debug] deducing auto plugins based on known facts Set(Atom(sbt.plugins.CorePlugin)) and clauses Clauses(Clause(Atom(sbt.plugins.JvmPlugin),Set(Atom(sbt.plugins.IvyPlugin)))
[debug] Clause(Atom(sbt.ScriptedPlugin),Set(Atom(sbt.plugins.JvmPlugin)))
[debug] Clause(Atom(sbt.plugins.SbtPlugin),Set(Atom(sbt.ScriptedPlugin)))
[debug] Clause(Atom(sbt.plugins.SemanticdbPlugin),Set(Atom(sbt.plugins.JvmPlugin)))
[debug] Clause(Atom(sbt.plugins.JUnitXmlReportPlugin),Set(Atom(sbt.plugins.JvmPlugin)))
[debug] Clause(Atom(sbt.plugins.MiniDependencyTreePlugin),Set(Atom(sbt.plugins.JvmPlugin)))
[debug] Clause(Atom(sbt.plugins.CorePlugin),Set(Atom(sbt.plugins.IvyPlugin)))
[debug] Clause(Atom(sbt.plugins.IvyPlugin),Set(Atom(sbt.plugins.JvmPlugin)))
[debug] Clause(Atom(sbt.plugins.JvmPlugin),Set(Atom(sbt.plugins.SemanticdbPlugin)))
[debug] Clause(Atom(sbt.plugins.JvmPlugin),Set(Atom(sbt.plugins.JUnitXmlReportPlugin)))
[debug] Clause(Atom(sbt.plugins.CorePlugin),Set(Atom(sbt.plugins.Giter8TemplatePlugin)))
[debug] Clause(Atom(sbt.plugins.JvmPlugin),Set(Atom(sbt.plugins.MiniDependencyTreePlugin))))
[debug]   :: deduced result: Matched(sbt.plugins.CorePlugin,sbt.plugins.Giter8TemplatePlugin,sbt.plugins.IvyPlugin,sbt.plugins.JvmPlugin,sbt.plugins.MiniDependencyTreePlugin,sbt.plugins.JUnitXmlReportPlugin,sbt.plugins.SemanticdbPlugin)
[debug] Plugins.deducer#function took 6.064699 ms
[info] loading settings for project progettobigdata-build from idea6.sbt ...
[debug]               Load.resolveProject(progettobigdata-build) took 7.6406ms
[debug]             Load.loadTransitive: finalizeProject(Project(id progettobigdata-build, base: C:\Users\Nicola\progettoBigData\progettoBigData\project, plugins: List(<none>))) took 14.736801ms
[debug] [Loading] Done in C:\Users\Nicola\progettoBigData\progettoBigData\project, returning: (progettobigdata-build)
[debug]           Load.loadUnit: loadedProjectsRaw took 209.1819ms
[debug]           Load.loadUnit: cleanEvalClasses took 7.088301ms
[debug]         Load.loadUnit(file:/C:/Users/Nicola/progettoBigData/progettoBigData/project/, ...) took 266.460599ms
[debug]       Load.apply: load took 268.1086ms
[debug]       Load.apply: resolveProjects took 0.1316ms
[debug]       Load.apply: finalTransforms took 10.4976ms
[debug]       Load.apply: config.delegates took 0.4075ms
[debug]       Load.apply: Def.make(settings)... took 161.7606ms
[debug]       Load.apply: structureIndex took 47.6475ms
[debug]       Load.apply: mkStreams took 0.002499ms
[info] loading project definition from C:\Users\Nicola\progettoBigData\progettoBigData\project
[debug] Running task... Cancel: Signal, check cycles: false, forcegc: true
[debug]     Load.loadUnit: plugins took 963.106399ms
[debug]     Load.loadUnit: defsScala took 0.0065ms
[debug] [Loading] Scanning directory C:\Users\Nicola\progettoBigData\progettoBigData
[debug]       Load.loadUnit: mkEval took 0.362001ms
[debug] [Loading] Found root project root w/ remaining 
[debug] deducing auto plugins based on known facts Set(Atom(sbt.plugins.CorePlugin)) and clauses Clauses(Clause(Atom(sbt.plugins.JvmPlugin),Set(Atom(sbt.plugins.IvyPlugin)))
[debug] Clause(Atom(sbt.ScriptedPlugin),Set(Atom(sbt.plugins.JvmPlugin)))
[debug] Clause(Atom(sbt.plugins.SbtPlugin),Set(Atom(sbt.ScriptedPlugin)))
[debug] Clause(Atom(sbt.plugins.SemanticdbPlugin),Set(Atom(sbt.plugins.JvmPlugin)))
[debug] Clause(Atom(sbt.plugins.JUnitXmlReportPlugin),Set(Atom(sbt.plugins.JvmPlugin)))
[debug] Clause(Atom(sbt.plugins.MiniDependencyTreePlugin),Set(Atom(sbt.plugins.JvmPlugin)))
[debug] Clause(Atom(org.jetbrains.sbt.StructurePlugin),Set(Atom(sbt.plugins.JvmPlugin)))
[debug] Clause(Atom(org.jetbrains.sbt.IdeaShellPlugin),Set(Atom(sbt.plugins.JvmPlugin)))
[debug] Clause(Atom(org.jetbrains.sbt.indices.SbtIntellijIndicesPlugin),Set(Atom(sbt.plugins.JvmPlugin)))
[debug] Clause(Atom(sbt.plugins.CorePlugin),Set(Atom(sbt.plugins.IvyPlugin)))
[debug] Clause(Atom(sbt.plugins.IvyPlugin),Set(Atom(sbt.plugins.JvmPlugin)))
[debug] Clause(Atom(sbt.plugins.JvmPlugin),Set(Atom(sbt.plugins.SemanticdbPlugin)))
[debug] Clause(Atom(sbt.plugins.JvmPlugin),Set(Atom(sbt.plugins.JUnitXmlReportPlugin)))
[debug] Clause(Atom(sbt.plugins.CorePlugin),Set(Atom(sbt.plugins.Giter8TemplatePlugin)))
[debug] Clause(Atom(sbt.plugins.JvmPlugin),Set(Atom(sbt.plugins.MiniDependencyTreePlugin)))
[debug] Clause(Atom(sbt.plugins.JvmPlugin),Set(Atom(org.jetbrains.sbt.StructurePlugin)))
[debug] Clause(Atom(sbt.plugins.JvmPlugin),Set(Atom(org.jetbrains.sbt.IdeaShellPlugin)))
[debug] Clause(And(Set(Atom(sbt.plugins.CorePlugin), Atom(sbt.plugins.JvmPlugin))),Set(Atom(org.jetbrains.sbt.indices.SbtIntellijIndicesPlugin))))
[debug]   :: deduced result: Matched(sbt.plugins.CorePlugin,sbt.plugins.Giter8TemplatePlugin,sbt.plugins.IvyPlugin,sbt.plugins.JvmPlugin,sbt.plugins.SemanticdbPlugin,org.jetbrains.sbt.indices.SbtIntellijIndicesPlugin,sbt.plugins.JUnitXmlReportPlugin,org.jetbrains.sbt.IdeaShellPlugin,org.jetbrains.sbt.StructurePlugin,sbt.plugins.MiniDependencyTreePlugin)
[debug] Plugins.deducer#function took 6.9753 ms
[info] loading settings for project root from build.sbt ...
[debug]         Load.resolveProject(root) took 32.8858ms
[debug]       Load.loadTransitive: finalizeProject(Project(id root, base: C:\Users\Nicola\progettoBigData\progettoBigData, plugins: List(<none>))) took 43.166201ms
[debug] [Loading] Done in C:\Users\Nicola\progettoBigData\progettoBigData, returning: (root)
[debug]     Load.loadUnit: loadedProjectsRaw took 156.5586ms
[debug]     Load.loadUnit: cleanEvalClasses took 4.0393ms
[debug]   Load.loadUnit(file:/C:/Users/Nicola/progettoBigData/progettoBigData/, ...) took 1124.596999ms
[debug] Load.apply: load took 1126.3736ms
[debug] Load.apply: resolveProjects took 0.116999ms
[debug] Load.apply: finalTransforms took 27.735501ms
[debug] Load.apply: config.delegates took 0.4277ms
[debug] Load.apply: Def.make(settings)... took 118.5487ms
[debug] Load.apply: structureIndex took 29.4281ms
[debug] Load.apply: mkStreams took 0.0022ms
[info] set current project to progettoBigData (in build file:/C:/Users/Nicola/progettoBigData/progettoBigData/)
[debug] > Exec(sbtPopOnFailure, None, None)
[debug] > Exec(resumeFromFailure, None, None)
[debug] > Exec(notifyUsersAboutShell, None, None)
[debug] > Exec(iflast shell, None, None)
[debug] > Exec(; set ideaPort in Global := 50049 ; idea-shell, None, None)
[debug] > Exec(set ideaPort in Global := 50049, None, None)
[info] Defining Global / ideaPort
[info] The new value will be used by Compile / compile, Test / compile
[debug] Defining 
[debug] 	Global / ideaPort
[debug] 
[debug] The new value will be used by 
[debug] 	Compile / compile
[debug] 	Test / compile
[info] Reapplying settings...
[info] set current project to progettoBigData (in build file:/C:/Users/Nicola/progettoBigData/progettoBigData/)
[debug] > Exec(idea-shell, None, None)
