[debug] > Exec(early(addDefaultCommands), None, None)
[debug] > Exec(addDefaultCommands, None, None)
[debug] > Exec(early(initialize), None, None)
[debug] > Exec(initialize, None, None)
[debug] > Exec(early(addPluginSbtFile="""C:\Users\Nicola\AppData\Local\Temp\idea7.sbt"""), None, None)
[debug] > Exec(addPluginSbtFile="""C:\Users\Nicola\AppData\Local\Temp\idea7.sbt""", None, None)
[debug] > Exec(boot, None, None)
[debug] > Exec(writeSbtVersion, None, None)
[debug] > Exec(reload, None, None)
[debug] > Exec(sbtStashOnFailure, None, None)
[debug] > Exec(onFailure loadFailed, None, None)
[debug] > Exec(loadp, None, None)
[info] welcome to sbt 1.8.0 (Oracle Corporation Java 1.8.0_341)
[debug]       Load.loadUnit: plugins took 276.3269ms
[debug]       Load.loadUnit: defsScala took 0.4374ms
[debug] [Loading] Scanning directory C:\Users\Nicola\.sbt\1.0\plugins
[debug] [Loading] Found non-root projects 
[debug] [Loading] Done in C:\Users\Nicola\.sbt\1.0\plugins, returning: ()
[debug] deducing auto plugins based on known facts Set(Atom(sbt.plugins.CorePlugin)) and clauses Clauses(Clause(Atom(sbt.plugins.JvmPlugin),Set(Atom(sbt.plugins.IvyPlugin)))
[debug] Clause(Atom(sbt.ScriptedPlugin),Set(Atom(sbt.plugins.JvmPlugin)))
[debug] Clause(Atom(sbt.plugins.SbtPlugin),Set(Atom(sbt.ScriptedPlugin)))
[debug] Clause(Atom(sbt.plugins.SemanticdbPlugin),Set(Atom(sbt.plugins.JvmPlugin)))
[debug] Clause(Atom(sbt.plugins.JUnitXmlReportPlugin),Set(Atom(sbt.plugins.JvmPlugin)))
[debug] Clause(Atom(sbt.plugins.MiniDependencyTreePlugin),Set(Atom(sbt.plugins.JvmPlugin)))
[debug] Clause(Atom(sbt.plugins.CorePlugin),Set(Atom(sbt.plugins.IvyPlugin)))
[debug] Clause(Atom(sbt.plugins.IvyPlugin),Set(Atom(sbt.plugins.JvmPlugin)))
[debug] Clause(Atom(sbt.plugins.JvmPlugin),Set(Atom(sbt.plugins.SemanticdbPlugin)))
[debug] Clause(Atom(sbt.plugins.JvmPlugin),Set(Atom(sbt.plugins.JUnitXmlReportPlugin)))
[debug] Clause(Atom(sbt.plugins.CorePlugin),Set(Atom(sbt.plugins.Giter8TemplatePlugin)))
[debug] Clause(Atom(sbt.plugins.JvmPlugin),Set(Atom(sbt.plugins.MiniDependencyTreePlugin))))
[debug]   :: deduced result: Matched(sbt.plugins.CorePlugin,sbt.plugins.Giter8TemplatePlugin,sbt.plugins.IvyPlugin,sbt.plugins.JvmPlugin,sbt.plugins.MiniDependencyTreePlugin,sbt.plugins.JUnitXmlReportPlugin,sbt.plugins.SemanticdbPlugin)
[debug] Plugins.deducer#function took 27.0148 ms
[debug]           Load.resolveProject(global-plugins) took 55.6663ms
[debug]         Load.loadTransitive: finalizeProject(Project(id global-plugins, base: C:\Users\Nicola\.sbt\1.0\plugins, plugins: List(<none>))) took 114.4835ms
[debug] [Loading] Done in C:\Users\Nicola\.sbt\1.0\plugins, returning: (global-plugins)
[debug]       Load.loadUnit: loadedProjectsRaw took 139.1594ms
[debug]       Load.loadUnit: cleanEvalClasses took 0.2343ms
[debug]     Load.loadUnit(file:/C:/Users/Nicola/.sbt/1.0/plugins/, ...) took 431.4448ms
[debug]   Load.apply: load took 616.2527ms
[debug]   Load.apply: resolveProjects took 5.8012ms
[debug]   Load.apply: finalTransforms took 73.1525ms
[debug]   Load.apply: config.delegates took 7.4358ms
[debug]   Load.apply: Def.make(settings)... took 719.3839ms
[debug]   Load.apply: structureIndex took 159.3522ms
[debug]   Load.apply: mkStreams took 1.8597ms
[info] loading global plugins from C:\Users\Nicola\.sbt\1.0\plugins
[debug] Running task... Cancel: Signal, check cycles: false, forcegc: true
[debug] Load.defaultLoad until apply took 3336.6687ms
[debug]           Load.loadUnit: plugins took 39.0029ms
[debug]           Load.loadUnit: defsScala took 0.0199ms
[debug] [Loading] Scanning directory C:\Users\Nicola\progettoBigData\progettoBigData\project
[debug]             Load.loadUnit: mkEval took 10.1674ms
[debug] [Loading] Found non-root projects 
[debug] [Loading] Done in C:\Users\Nicola\progettoBigData\progettoBigData\project, returning: ()
[debug] deducing auto plugins based on known facts Set(Atom(sbt.plugins.CorePlugin)) and clauses Clauses(Clause(Atom(sbt.plugins.JvmPlugin),Set(Atom(sbt.plugins.IvyPlugin)))
[debug] Clause(Atom(sbt.ScriptedPlugin),Set(Atom(sbt.plugins.JvmPlugin)))
[debug] Clause(Atom(sbt.plugins.SbtPlugin),Set(Atom(sbt.ScriptedPlugin)))
[debug] Clause(Atom(sbt.plugins.SemanticdbPlugin),Set(Atom(sbt.plugins.JvmPlugin)))
[debug] Clause(Atom(sbt.plugins.JUnitXmlReportPlugin),Set(Atom(sbt.plugins.JvmPlugin)))
[debug] Clause(Atom(sbt.plugins.MiniDependencyTreePlugin),Set(Atom(sbt.plugins.JvmPlugin)))
[debug] Clause(Atom(sbt.plugins.CorePlugin),Set(Atom(sbt.plugins.IvyPlugin)))
[debug] Clause(Atom(sbt.plugins.IvyPlugin),Set(Atom(sbt.plugins.JvmPlugin)))
[debug] Clause(Atom(sbt.plugins.JvmPlugin),Set(Atom(sbt.plugins.SemanticdbPlugin)))
[debug] Clause(Atom(sbt.plugins.JvmPlugin),Set(Atom(sbt.plugins.JUnitXmlReportPlugin)))
[debug] Clause(Atom(sbt.plugins.CorePlugin),Set(Atom(sbt.plugins.Giter8TemplatePlugin)))
[debug] Clause(Atom(sbt.plugins.JvmPlugin),Set(Atom(sbt.plugins.MiniDependencyTreePlugin))))
[debug]   :: deduced result: Matched(sbt.plugins.CorePlugin,sbt.plugins.Giter8TemplatePlugin,sbt.plugins.IvyPlugin,sbt.plugins.JvmPlugin,sbt.plugins.MiniDependencyTreePlugin,sbt.plugins.JUnitXmlReportPlugin,sbt.plugins.SemanticdbPlugin)
[debug] Plugins.deducer#function took 2.5234 ms
[info] loading settings for project progettobigdata-build from idea7.sbt ...
[debug]               Load.resolveProject(progettobigdata-build) took 4.5091ms
[debug]             Load.loadTransitive: finalizeProject(Project(id progettobigdata-build, base: C:\Users\Nicola\progettoBigData\progettoBigData\project, plugins: List(<none>))) took 7.6521ms
[debug] [Loading] Done in C:\Users\Nicola\progettoBigData\progettoBigData\project, returning: (progettobigdata-build)
[debug]           Load.loadUnit: loadedProjectsRaw took 184.7067ms
[debug]           Load.loadUnit: cleanEvalClasses took 4.6928ms
[debug]         Load.loadUnit(file:/C:/Users/Nicola/progettoBigData/progettoBigData/project/, ...) took 229.9975ms
[debug]       Load.apply: load took 231.7089ms
[debug]       Load.apply: resolveProjects took 0.1312ms
[debug]       Load.apply: finalTransforms took 15.3939ms
[debug]       Load.apply: config.delegates took 0.4976ms
[debug]       Load.apply: Def.make(settings)... took 130.0295ms
[debug]       Load.apply: structureIndex took 40.5102ms
[debug]       Load.apply: mkStreams took 0.0066ms
[info] loading project definition from C:\Users\Nicola\progettoBigData\progettoBigData\project
[debug] Running task... Cancel: Signal, check cycles: false, forcegc: true
[warn] Unrecognized repository Scala Plugin Bundled Repository, ignoring it
[warn] Unrecognized repository Scala Plugin Bundled Repository, ignoring it
[debug]     Load.loadUnit: plugins took 1928.0186ms
[debug]     Load.loadUnit: defsScala took 0.0023ms
[debug] [Loading] Scanning directory C:\Users\Nicola\progettoBigData\progettoBigData
[debug]       Load.loadUnit: mkEval took 0.4114ms
[debug] [Loading] Found root project root w/ remaining 
[debug] deducing auto plugins based on known facts Set(Atom(sbt.plugins.CorePlugin)) and clauses Clauses(Clause(Atom(sbt.plugins.JvmPlugin),Set(Atom(sbt.plugins.IvyPlugin)))
[debug] Clause(Atom(sbt.ScriptedPlugin),Set(Atom(sbt.plugins.JvmPlugin)))
[debug] Clause(Atom(sbt.plugins.SbtPlugin),Set(Atom(sbt.ScriptedPlugin)))
[debug] Clause(Atom(sbt.plugins.SemanticdbPlugin),Set(Atom(sbt.plugins.JvmPlugin)))
[debug] Clause(Atom(sbt.plugins.JUnitXmlReportPlugin),Set(Atom(sbt.plugins.JvmPlugin)))
[debug] Clause(Atom(sbt.plugins.MiniDependencyTreePlugin),Set(Atom(sbt.plugins.JvmPlugin)))
[debug] Clause(Atom(org.jetbrains.sbt.StructurePlugin),Set(Atom(sbt.plugins.JvmPlugin)))
[debug] Clause(Atom(org.jetbrains.sbt.IdeaShellPlugin),Set(Atom(sbt.plugins.JvmPlugin)))
[debug] Clause(Atom(org.jetbrains.sbt.indices.SbtIntellijIndicesPlugin),Set(Atom(sbt.plugins.JvmPlugin)))
[debug] Clause(Atom(sbt.plugins.CorePlugin),Set(Atom(sbt.plugins.IvyPlugin)))
[debug] Clause(Atom(sbt.plugins.IvyPlugin),Set(Atom(sbt.plugins.JvmPlugin)))
[debug] Clause(Atom(sbt.plugins.JvmPlugin),Set(Atom(sbt.plugins.SemanticdbPlugin)))
[debug] Clause(Atom(sbt.plugins.JvmPlugin),Set(Atom(sbt.plugins.JUnitXmlReportPlugin)))
[debug] Clause(Atom(sbt.plugins.CorePlugin),Set(Atom(sbt.plugins.Giter8TemplatePlugin)))
[debug] Clause(Atom(sbt.plugins.JvmPlugin),Set(Atom(sbt.plugins.MiniDependencyTreePlugin)))
[debug] Clause(Atom(sbt.plugins.JvmPlugin),Set(Atom(org.jetbrains.sbt.StructurePlugin)))
[debug] Clause(Atom(sbt.plugins.JvmPlugin),Set(Atom(org.jetbrains.sbt.IdeaShellPlugin)))
[debug] Clause(And(Set(Atom(sbt.plugins.CorePlugin), Atom(sbt.plugins.JvmPlugin))),Set(Atom(org.jetbrains.sbt.indices.SbtIntellijIndicesPlugin))))
[debug]   :: deduced result: Matched(sbt.plugins.CorePlugin,sbt.plugins.Giter8TemplatePlugin,sbt.plugins.IvyPlugin,sbt.plugins.JvmPlugin,sbt.plugins.SemanticdbPlugin,org.jetbrains.sbt.indices.SbtIntellijIndicesPlugin,sbt.plugins.JUnitXmlReportPlugin,org.jetbrains.sbt.IdeaShellPlugin,org.jetbrains.sbt.StructurePlugin,sbt.plugins.MiniDependencyTreePlugin)
[debug] Plugins.deducer#function took 3.5277 ms
[info] loading settings for project root from build.sbt ...
[debug]         Load.resolveProject(root) took 50.3299ms
[debug]       Load.loadTransitive: finalizeProject(Project(id root, base: C:\Users\Nicola\progettoBigData\progettoBigData, plugins: List(<none>))) took 55.9577ms
[debug] [Loading] Done in C:\Users\Nicola\progettoBigData\progettoBigData, returning: (root)
[debug]     Load.loadUnit: loadedProjectsRaw took 4334.3581ms
[debug]     Load.loadUnit: cleanEvalClasses took 11.6041ms
[debug]   Load.loadUnit(file:/C:/Users/Nicola/progettoBigData/progettoBigData/, ...) took 6275.0969ms
[debug] Load.apply: load took 6278.7131ms
[debug] Load.apply: resolveProjects took 0.3542ms
[debug] Load.apply: finalTransforms took 24.9749ms
[debug] Load.apply: config.delegates took 0.5315ms
[debug] Load.apply: Def.make(settings)... took 99.3263ms
[debug] Load.apply: structureIndex took 30.3882ms
[debug] Load.apply: mkStreams took 0.0026ms
[info] set current project to progettoBigData (in build file:/C:/Users/Nicola/progettoBigData/progettoBigData/)
[debug] > Exec(sbtPopOnFailure, None, None)
[debug] > Exec(resumeFromFailure, None, None)
[debug] > Exec(notifyUsersAboutShell, None, None)
[debug] > Exec(iflast shell, None, None)
[debug] > Exec(; set ideaPort in Global := 58438 ; idea-shell, None, None)
[debug] > Exec(set ideaPort in Global := 58438, None, None)
[info] Defining Global / ideaPort
[info] The new value will be used by Compile / compile, Test / compile
[debug] Defining 
[debug] 	Global / ideaPort
[debug] 
[debug] The new value will be used by 
[debug] 	Compile / compile
[debug] 	Test / compile
[info] Reapplying settings...
[info] set current project to progettoBigData (in build file:/C:/Users/Nicola/progettoBigData/progettoBigData/)
[debug] > Exec(idea-shell, None, None)
