[debug] > Exec(early(addDefaultCommands), None, None)
[debug] > Exec(addDefaultCommands, None, None)
[debug] > Exec(early(initialize), None, None)
[debug] > Exec(initialize, None, None)
[debug] > Exec(early(addPluginSbtFile="""C:\Users\david\AppData\Local\Temp\idea.sbt"""), None, None)
[debug] > Exec(addPluginSbtFile="""C:\Users\david\AppData\Local\Temp\idea.sbt""", None, None)
[debug] > Exec(boot, None, None)
[debug] > Exec(writeSbtVersion, None, None)
[debug] > Exec(reload, None, None)
[debug] > Exec(sbtStashOnFailure, None, None)
[debug] > Exec(onFailure loadFailed, None, None)
[debug] > Exec(loadp, None, None)
[info] welcome to sbt 1.8.0 (Oracle Corporation Java 1.8.0_202)
[debug]       Load.loadUnit: plugins took 146.7119ms
[debug]       Load.loadUnit: defsScala took 0.5469ms
[debug] [Loading] Scanning directory C:\Users\david\.sbt\1.0\plugins
[debug] [Loading] Found non-root projects 
[debug] [Loading] Done in C:\Users\david\.sbt\1.0\plugins, returning: ()
[debug] deducing auto plugins based on known facts Set(Atom(sbt.plugins.CorePlugin)) and clauses Clauses(Clause(Atom(sbt.plugins.JvmPlugin),Set(Atom(sbt.plugins.IvyPlugin)))
[debug] Clause(Atom(sbt.ScriptedPlugin),Set(Atom(sbt.plugins.JvmPlugin)))
[debug] Clause(Atom(sbt.plugins.SbtPlugin),Set(Atom(sbt.ScriptedPlugin)))
[debug] Clause(Atom(sbt.plugins.SemanticdbPlugin),Set(Atom(sbt.plugins.JvmPlugin)))
[debug] Clause(Atom(sbt.plugins.JUnitXmlReportPlugin),Set(Atom(sbt.plugins.JvmPlugin)))
[debug] Clause(Atom(sbt.plugins.MiniDependencyTreePlugin),Set(Atom(sbt.plugins.JvmPlugin)))
[debug] Clause(Atom(sbt.plugins.CorePlugin),Set(Atom(sbt.plugins.IvyPlugin)))
[debug] Clause(Atom(sbt.plugins.IvyPlugin),Set(Atom(sbt.plugins.JvmPlugin)))
[debug] Clause(Atom(sbt.plugins.JvmPlugin),Set(Atom(sbt.plugins.SemanticdbPlugin)))
[debug] Clause(Atom(sbt.plugins.JvmPlugin),Set(Atom(sbt.plugins.JUnitXmlReportPlugin)))
[debug] Clause(Atom(sbt.plugins.CorePlugin),Set(Atom(sbt.plugins.Giter8TemplatePlugin)))
[debug] Clause(Atom(sbt.plugins.JvmPlugin),Set(Atom(sbt.plugins.MiniDependencyTreePlugin))))
[debug]   :: deduced result: Matched(sbt.plugins.CorePlugin,sbt.plugins.Giter8TemplatePlugin,sbt.plugins.IvyPlugin,sbt.plugins.JvmPlugin,sbt.plugins.MiniDependencyTreePlugin,sbt.plugins.JUnitXmlReportPlugin,sbt.plugins.SemanticdbPlugin)
[debug] Plugins.deducer#function took 24.2506 ms
[debug]           Load.resolveProject(global-plugins) took 80.5842ms
[debug]         Load.loadTransitive: finalizeProject(Project(id global-plugins, base: C:\Users\david\.sbt\1.0\plugins, plugins: List(<none>))) took 140.9524ms
[debug] [Loading] Done in C:\Users\david\.sbt\1.0\plugins, returning: (global-plugins)
[debug]       Load.loadUnit: loadedProjectsRaw took 176.295ms
[debug]       Load.loadUnit: cleanEvalClasses took 0.7665ms
[debug]     Load.loadUnit(file:/C:/Users/david/.sbt/1.0/plugins/, ...) took 436.9402ms
[debug]   Load.apply: load took 655.3297ms
[debug]   Load.apply: resolveProjects took 7.4498ms
[debug]   Load.apply: finalTransforms took 67.4932ms
[debug]   Load.apply: config.delegates took 12.6048ms
[debug]   Load.apply: Def.make(settings)... took 482.022ms
[debug]   Load.apply: structureIndex took 143.1244ms
[debug]   Load.apply: mkStreams took 2.5872ms
[info] loading global plugins from C:\Users\david\.sbt\1.0\plugins
[debug] Running task... Cancel: Signal, check cycles: false, forcegc: true
[debug] Load.defaultLoad until apply took 3520.2207ms
[debug]           Load.loadUnit: plugins took 125.7633ms
[debug]           Load.loadUnit: defsScala took 0.0222ms
[debug] [Loading] Scanning directory C:\progettoBigData\progettoBigData\project
[debug]             Load.loadUnit: mkEval took 35.6003ms
[debug] [Loading] Found non-root projects 
[debug] [Loading] Done in C:\progettoBigData\progettoBigData\project, returning: ()
[debug] deducing auto plugins based on known facts Set(Atom(sbt.plugins.CorePlugin)) and clauses Clauses(Clause(Atom(sbt.plugins.JvmPlugin),Set(Atom(sbt.plugins.IvyPlugin)))
[debug] Clause(Atom(sbt.ScriptedPlugin),Set(Atom(sbt.plugins.JvmPlugin)))
[debug] Clause(Atom(sbt.plugins.SbtPlugin),Set(Atom(sbt.ScriptedPlugin)))
[debug] Clause(Atom(sbt.plugins.SemanticdbPlugin),Set(Atom(sbt.plugins.JvmPlugin)))
[debug] Clause(Atom(sbt.plugins.JUnitXmlReportPlugin),Set(Atom(sbt.plugins.JvmPlugin)))
[debug] Clause(Atom(sbt.plugins.MiniDependencyTreePlugin),Set(Atom(sbt.plugins.JvmPlugin)))
[debug] Clause(Atom(sbt.plugins.CorePlugin),Set(Atom(sbt.plugins.IvyPlugin)))
[debug] Clause(Atom(sbt.plugins.IvyPlugin),Set(Atom(sbt.plugins.JvmPlugin)))
[debug] Clause(Atom(sbt.plugins.JvmPlugin),Set(Atom(sbt.plugins.SemanticdbPlugin)))
[debug] Clause(Atom(sbt.plugins.JvmPlugin),Set(Atom(sbt.plugins.JUnitXmlReportPlugin)))
[debug] Clause(Atom(sbt.plugins.CorePlugin),Set(Atom(sbt.plugins.Giter8TemplatePlugin)))
[debug] Clause(Atom(sbt.plugins.JvmPlugin),Set(Atom(sbt.plugins.MiniDependencyTreePlugin))))
[debug]   :: deduced result: Matched(sbt.plugins.CorePlugin,sbt.plugins.Giter8TemplatePlugin,sbt.plugins.IvyPlugin,sbt.plugins.JvmPlugin,sbt.plugins.MiniDependencyTreePlugin,sbt.plugins.JUnitXmlReportPlugin,sbt.plugins.SemanticdbPlugin)
[debug] Plugins.deducer#function took 3.7458 ms
[info] loading settings for project progettobigdata-build from idea.sbt ...
[debug]               Load.resolveProject(progettobigdata-build) took 4.0497ms
[debug]             Load.loadTransitive: finalizeProject(Project(id progettobigdata-build, base: C:\progettoBigData\progettoBigData\project, plugins: List(<none>))) took 8.5577ms
[debug] [Loading] Done in C:\progettoBigData\progettoBigData\project, returning: (progettobigdata-build)
[debug]           Load.loadUnit: loadedProjectsRaw took 416.9133ms
[debug]           Load.loadUnit: cleanEvalClasses took 7.4001ms
[debug]         Load.loadUnit(file:/C:/progettoBigData/progettoBigData/project/, ...) took 556.4836ms
[debug]       Load.apply: load took 561.4538ms
[debug]       Load.apply: resolveProjects took 1.2412ms
[debug]       Load.apply: finalTransforms took 15.4989ms
[debug]       Load.apply: config.delegates took 0.6093ms
[debug]       Load.apply: Def.make(settings)... took 102.7512ms
[debug]       Load.apply: structureIndex took 33.9757ms
[debug]       Load.apply: mkStreams took 0.0042ms
[info] loading project definition from C:\progettoBigData\progettoBigData\project
[debug] Running task... Cancel: Signal, check cycles: false, forcegc: true
[debug]     Load.loadUnit: plugins took 1188.9336ms
[debug]     Load.loadUnit: defsScala took 0.003ms
[debug] [Loading] Scanning directory C:\progettoBigData\progettoBigData
[debug]       Load.loadUnit: mkEval took 0.7679ms
[debug] [Loading] Found root project root w/ remaining 
[debug] deducing auto plugins based on known facts Set(Atom(sbt.plugins.CorePlugin)) and clauses Clauses(Clause(Atom(sbt.plugins.JvmPlugin),Set(Atom(sbt.plugins.IvyPlugin)))
[debug] Clause(Atom(sbt.ScriptedPlugin),Set(Atom(sbt.plugins.JvmPlugin)))
[debug] Clause(Atom(sbt.plugins.SbtPlugin),Set(Atom(sbt.ScriptedPlugin)))
[debug] Clause(Atom(sbt.plugins.SemanticdbPlugin),Set(Atom(sbt.plugins.JvmPlugin)))
[debug] Clause(Atom(sbt.plugins.JUnitXmlReportPlugin),Set(Atom(sbt.plugins.JvmPlugin)))
[debug] Clause(Atom(sbt.plugins.MiniDependencyTreePlugin),Set(Atom(sbt.plugins.JvmPlugin)))
[debug] Clause(Atom(org.jetbrains.sbt.StructurePlugin),Set(Atom(sbt.plugins.JvmPlugin)))
[debug] Clause(Atom(org.jetbrains.sbt.IdeaShellPlugin),Set(Atom(sbt.plugins.JvmPlugin)))
[debug] Clause(Atom(org.jetbrains.sbt.indices.SbtIntellijIndicesPlugin),Set(Atom(sbt.plugins.JvmPlugin)))
[debug] Clause(Atom(sbt.plugins.CorePlugin),Set(Atom(sbt.plugins.IvyPlugin)))
[debug] Clause(Atom(sbt.plugins.IvyPlugin),Set(Atom(sbt.plugins.JvmPlugin)))
[debug] Clause(Atom(sbt.plugins.JvmPlugin),Set(Atom(sbt.plugins.SemanticdbPlugin)))
[debug] Clause(Atom(sbt.plugins.JvmPlugin),Set(Atom(sbt.plugins.JUnitXmlReportPlugin)))
[debug] Clause(Atom(sbt.plugins.CorePlugin),Set(Atom(sbt.plugins.Giter8TemplatePlugin)))
[debug] Clause(Atom(sbt.plugins.JvmPlugin),Set(Atom(sbt.plugins.MiniDependencyTreePlugin)))
[debug] Clause(Atom(sbt.plugins.JvmPlugin),Set(Atom(org.jetbrains.sbt.StructurePlugin)))
[debug] Clause(Atom(sbt.plugins.JvmPlugin),Set(Atom(org.jetbrains.sbt.IdeaShellPlugin)))
[debug] Clause(And(Set(Atom(sbt.plugins.CorePlugin), Atom(sbt.plugins.JvmPlugin))),Set(Atom(org.jetbrains.sbt.indices.SbtIntellijIndicesPlugin))))
[debug]   :: deduced result: Matched(sbt.plugins.CorePlugin,sbt.plugins.Giter8TemplatePlugin,sbt.plugins.IvyPlugin,sbt.plugins.JvmPlugin,sbt.plugins.SemanticdbPlugin,org.jetbrains.sbt.indices.SbtIntellijIndicesPlugin,sbt.plugins.JUnitXmlReportPlugin,org.jetbrains.sbt.IdeaShellPlugin,org.jetbrains.sbt.StructurePlugin,sbt.plugins.MiniDependencyTreePlugin)
[debug] Plugins.deducer#function took 2.7709 ms
[info] loading settings for project root from build.sbt ...
[debug]         Load.resolveProject(root) took 31.22ms
[debug]       Load.loadTransitive: finalizeProject(Project(id root, base: C:\progettoBigData\progettoBigData, plugins: List(<none>))) took 35.8004ms
[debug] [Loading] Done in C:\progettoBigData\progettoBigData, returning: (root)
[debug]     Load.loadUnit: loadedProjectsRaw took 146.213ms
[debug]     Load.loadUnit: cleanEvalClasses took 4.7728ms
[debug]   Load.loadUnit(file:/C:/progettoBigData/progettoBigData/, ...) took 1340.5956ms
[debug] Load.apply: load took 1342.9701ms
[debug] Load.apply: resolveProjects took 0.1286ms
[debug] Load.apply: finalTransforms took 23.6996ms
[debug] Load.apply: config.delegates took 0.4309ms
[debug] Load.apply: Def.make(settings)... took 80.4844ms
[debug] Load.apply: structureIndex took 27.1499ms
[debug] Load.apply: mkStreams took 0.0029ms
[info] set current project to progettoBigData (in build file:/C:/progettoBigData/progettoBigData/)
[debug] > Exec(sbtPopOnFailure, None, None)
[debug] > Exec(resumeFromFailure, None, None)
[debug] > Exec(notifyUsersAboutShell, None, None)
[debug] > Exec(iflast shell, None, None)
[debug] > Exec(; set ideaPort in Global := 57249 ; idea-shell, None, None)
[debug] > Exec(set ideaPort in Global := 57249, None, None)
[info] Defining Global / ideaPort
[info] The new value will be used by Compile / compile, Test / compile
[debug] Defining 
[debug] 	Global / ideaPort
[debug] 
[debug] The new value will be used by 
[debug] 	Compile / compile
[debug] 	Test / compile
[info] Reapplying settings...
[info] set current project to progettoBigData (in build file:/C:/progettoBigData/progettoBigData/)
[debug] > Exec(idea-shell, None, None)
